2021-05-03 13:52:59,789 django.utils.autoreload INFO     Watching for file changes with StatReloader
2021-05-03 13:53:02,875 django.server INFO     "GET /api/scheduler/cl-orders?rut_cliente=19571602-1 HTTP/1.1" 200 8905
2021-05-03 13:53:49,148 django.server INFO     "GET /api/scheduler/cl-orders?date_init=2021-05-03&date_end=2021-05-05 HTTP/1.1" 200 55576
2021-05-03 13:53:55,331 django.server INFO     "OPTIONS /api/scheduler/cl-orders?created_by=martav@myjchile.cl&date_init=2021-05-03&date_end=2021-05-05 HTTP/1.1" 200 0
2021-05-03 13:53:55,456 django.server INFO     "GET /api/scheduler/cl-orders?created_by=martav@myjchile.cl&date_init=2021-05-03&date_end=2021-05-05 HTTP/1.1" 200 8528
2021-05-03 13:53:58,700 django.server INFO     "OPTIONS /api/scheduler/residence?rut=9585486-9 HTTP/1.1" 200 0
2021-05-03 13:53:58,771 django.server INFO     "GET /api/scheduler/mediodepago HTTP/1.1" 200 59
2021-05-03 13:53:58,776 django.server INFO     "GET /api/scheduler/ticketstatus HTTP/1.1" 200 349
2021-05-03 13:53:58,776 django.server INFO     "GET /api/scheduler/clientstatus HTTP/1.1" 200 493
2021-05-03 13:53:58,781 django.server INFO     "GET /api/scheduler/typeorder HTTP/1.1" 200 2130
2021-05-03 13:53:58,809 django.server INFO     "GET /api/scheduler/prioridad HTTP/1.1" 200 351
2021-05-03 13:53:58,869 django.server INFO     "GET /api/scheduler/residence?rut=9585486-9 HTTP/1.1" 200 145
2021-05-03 13:53:58,876 django.server INFO     "GET /api/scheduler/technician HTTP/1.1" 200 24110
2021-05-03 13:54:02,430 django.server INFO     "OPTIONS /api/scheduler/residence?rut=12055596-0 HTTP/1.1" 200 0
2021-05-03 13:54:02,440 django.server INFO     "GET /api/scheduler/mediodepago HTTP/1.1" 200 59
2021-05-03 13:54:02,447 django.server INFO     "GET /api/scheduler/clientstatus HTTP/1.1" 200 493
2021-05-03 13:54:02,448 django.server INFO     "GET /api/scheduler/ticketstatus HTTP/1.1" 200 349
2021-05-03 13:54:02,453 django.server INFO     "GET /api/scheduler/typeorder HTTP/1.1" 200 2130
2021-05-03 13:54:02,494 django.server INFO     "GET /api/scheduler/prioridad HTTP/1.1" 200 351
2021-05-03 13:54:02,541 django.server INFO     "GET /api/scheduler/technician HTTP/1.1" 200 24110
2021-05-03 13:54:02,555 django.server INFO     "GET /api/scheduler/residence?rut=12055596-0 HTTP/1.1" 200 332
2021-05-03 13:54:05,350 django.server INFO     "OPTIONS /api/scheduler/residence?rut=19587155-8 HTTP/1.1" 200 0
2021-05-03 13:54:05,357 django.server INFO     "GET /api/scheduler/mediodepago HTTP/1.1" 200 59
2021-05-03 13:54:05,364 django.server INFO     "GET /api/scheduler/clientstatus HTTP/1.1" 200 493
2021-05-03 13:54:05,364 django.server INFO     "GET /api/scheduler/ticketstatus HTTP/1.1" 200 349
2021-05-03 13:54:05,368 django.server INFO     "GET /api/scheduler/typeorder HTTP/1.1" 200 2130
2021-05-03 13:54:05,406 django.server INFO     "GET /api/scheduler/prioridad HTTP/1.1" 200 351
2021-05-03 13:54:05,444 django.server INFO     "GET /api/scheduler/technician HTTP/1.1" 200 24110
2021-05-03 13:54:05,460 django.server INFO     "GET /api/scheduler/residence?rut=19587155-8 HTTP/1.1" 200 171
2021-05-03 13:54:07,644 django.server INFO     "OPTIONS /api/scheduler/residence?rut=11420493-5 HTTP/1.1" 200 0
2021-05-03 13:54:07,653 django.server INFO     "GET /api/scheduler/mediodepago HTTP/1.1" 200 59
2021-05-03 13:54:07,656 django.server INFO     "GET /api/scheduler/clientstatus HTTP/1.1" 200 493
2021-05-03 13:54:07,656 django.server INFO     "GET /api/scheduler/ticketstatus HTTP/1.1" 200 349
2021-05-03 13:54:07,660 django.server INFO     "GET /api/scheduler/typeorder HTTP/1.1" 200 2130
2021-05-03 13:54:07,692 django.server INFO     "GET /api/scheduler/prioridad HTTP/1.1" 200 351
2021-05-03 13:54:07,742 django.server INFO     "GET /api/scheduler/technician HTTP/1.1" 200 24110
2021-05-03 13:54:07,752 django.server INFO     "GET /api/scheduler/residence?rut=11420493-5 HTTP/1.1" 200 128
2021-05-03 13:54:13,422 django.server INFO     "GET /api/scheduler/residence?rut=11420493-5 HTTP/1.1" 200 128
2021-05-03 13:54:13,428 django.server INFO     "GET /api/scheduler/mediodepago HTTP/1.1" 200 59
2021-05-03 13:54:13,430 django.server INFO     "GET /api/scheduler/clientstatus HTTP/1.1" 200 493
2021-05-03 13:54:13,432 django.server INFO     "GET /api/scheduler/ticketstatus HTTP/1.1" 200 349
2021-05-03 13:54:13,435 django.server INFO     "GET /api/scheduler/typeorder HTTP/1.1" 200 2130
2021-05-03 13:54:13,469 django.server INFO     "GET /api/scheduler/prioridad HTTP/1.1" 200 351
2021-05-03 13:54:13,509 django.server INFO     "GET /api/scheduler/technician HTTP/1.1" 200 24110
2021-05-03 13:54:26,967 django.server INFO     "POST /api/auth/sign-out HTTP/1.1" 200 25
2021-05-03 13:54:41,513 django.server INFO     "OPTIONS /api/auth/login HTTP/1.1" 200 0
2021-05-03 13:54:41,584 django.server INFO     "POST /api/auth/login HTTP/1.1" 200 530
2021-05-03 13:54:41,749 django.server INFO     "OPTIONS /api/users/current HTTP/1.1" 200 0
2021-05-03 13:54:41,866 django.server INFO     "GET /api/users/current HTTP/1.1" 200 143
2021-05-03 13:54:41,985 django.server INFO     "GET /api/users/current HTTP/1.1" 200 143
2021-05-03 13:54:42,432 django.request WARNING  Not Found: /api/users/39/photo
2021-05-03 13:54:42,432 django.server WARNING  "GET /api/users/39/photo?token=eyJ0eXAiOiJKV1QiLCJhbGciOiJIUzI1NiJ9.eyJ0b2tlbl90eXBlIjoiYWNjZXNzIiwiZXhwIjoxNjU2MDY0NDgxLCJqdGkiOiJiYjQzYTE3YTcyZmM0MWEwYTRkOGI1ZmNmODk5NzEyNyIsInVzZXJfaWQiOjM5LCJyb2xlIjoic3VwZXIifQ.ViyB0hjRXXOHa1gngu5PpPWkroVZVfzMrWewj3UPvXg HTTP/1.1" 404 77
2021-05-03 13:54:44,088 django.server INFO     "GET /api/scheduler/ticketstatus HTTP/1.1" 200 349
2021-05-03 13:54:44,093 django.server INFO     "GET /api/scheduler/mediodepago HTTP/1.1" 200 59
2021-05-03 13:54:44,103 django.server INFO     "GET /api/scheduler/clientstatus HTTP/1.1" 200 493
2021-05-03 13:54:44,106 django.server INFO     "GET /api/scheduler/prioridad HTTP/1.1" 200 351
2021-05-03 13:54:44,122 django.server INFO     "GET /api/scheduler/typeorder HTTP/1.1" 200 2130
2021-05-03 13:54:44,177 django.server INFO     "GET /api/scheduler/technician HTTP/1.1" 200 24110
2021-05-03 13:54:44,188 django.server INFO     "GET /api/scheduler/users HTTP/1.1" 200 7520
2021-05-03 13:54:44,276 django.server INFO     "GET /api/scheduler/technician HTTP/1.1" 200 24110
2021-05-03 13:54:44,396 django.server INFO     "GET /api/scheduler/techtypeorder?rut_tecnico=175623256 HTTP/1.1" 200 190
2021-05-03 13:54:44,403 django.server INFO     "GET /api/scheduler/techtypeorder?rut_tecnico=SINRUT0 HTTP/1.1" 200 200
2021-05-03 13:54:44,406 django.server INFO     "GET /api/scheduler/techtypeorder?rut_tecnico=126580975 HTTP/1.1" 200 197
2021-05-03 13:54:44,416 django.server INFO     "GET /api/scheduler/techtypeorder?rut_tecnico=97446334 HTTP/1.1" 200 1185
2021-05-03 13:54:44,417 django.server INFO     "GET /api/scheduler/techtypeorder?rut_tecnico=165334043 HTTP/1.1" 200 1212
2021-05-03 13:54:44,471 django.server INFO     "GET /api/scheduler/techtypeorder?rut_tecnico=193433782 HTTP/1.1" 200 196
2021-05-03 13:54:44,489 django.server INFO     "GET /api/scheduler/techtypeorder?rut_tecnico=SINRUT1 HTTP/1.1" 200 194
2021-05-03 13:54:44,521 django.server INFO     "GET /api/scheduler/techtypeorder?rut_tecnico=SINRUT3 HTTP/1.1" 200 196
2021-05-03 13:54:44,525 django.server INFO     "GET /api/scheduler/techtypeorder?rut_tecnico=189480822 HTTP/1.1" 200 201
2021-05-03 13:54:44,529 django.server INFO     "GET /api/scheduler/techtypeorder?rut_tecnico=SINRUT2 HTTP/1.1" 200 1125
2021-05-03 13:54:44,550 django.server INFO     "GET /api/scheduler/techtypeorder?rut_tecnico=93580680 HTTP/1.1" 200 627
2021-05-03 13:54:44,557 django.server INFO     "GET /api/scheduler/technician HTTP/1.1" 200 24110
2021-05-03 13:54:44,588 django.server INFO     "GET /api/scheduler/techtypeorder?rut_tecnico=163453495 HTTP/1.1" 200 194
2021-05-03 13:54:44,615 django.server INFO     "GET /api/scheduler/techtypeorder?rut_tecnico=136983504 HTTP/1.1" 200 195
2021-05-03 13:54:44,632 django.server INFO     "GET /api/scheduler/techtypeorder?rut_tecnico=10193120K HTTP/1.1" 200 1074
2021-05-03 13:54:44,632 django.server INFO     "GET /api/scheduler/techtypeorder?rut_tecnico=206714352 HTTP/1.1" 200 188
2021-05-03 13:54:44,638 django.server INFO     "GET /api/scheduler/techtypeorder?rut_tecnico=179689995 HTTP/1.1" 200 757
2021-05-03 13:54:44,653 django.server INFO     "GET /api/scheduler/techtypeorder?rut_tecnico=177761974 HTTP/1.1" 200 195
2021-05-03 13:54:44,675 django.server INFO     "GET /api/scheduler/techtypeorder?rut_tecnico=173583486 HTTP/1.1" 200 191
2021-05-03 13:54:44,706 django.server INFO     "GET /api/scheduler/techtypeorder?rut_tecnico=178799312 HTTP/1.1" 200 948
2021-05-03 13:54:44,729 django.server INFO     "GET /api/scheduler/techtypeorder?rut_tecnico=175767509 HTTP/1.1" 200 436
2021-05-03 13:54:44,745 django.server INFO     "GET /api/scheduler/techtypeorder?rut_tecnico=135150185 HTTP/1.1" 200 850
2021-05-03 13:54:44,756 django.server INFO     "GET /api/scheduler/techtypeorder?rut_tecnico=166389356 HTTP/1.1" 200 871
2021-05-03 13:54:44,766 django.server INFO     "GET /api/scheduler/techtypeorder?rut_tecnico=83382090 HTTP/1.1" 200 186
2021-05-03 13:54:44,766 django.server INFO     "GET /api/scheduler/techtypeorder?rut_tecnico=168092059 HTTP/1.1" 200 194
2021-05-03 13:54:44,784 django.server INFO     "GET /api/scheduler/techtypeorder?rut_tecnico=166516102 HTTP/1.1" 200 187
2021-05-03 13:54:44,806 django.server INFO     "GET /api/scheduler/techtypeorder?rut_tecnico=195723095 HTTP/1.1" 200 195
2021-05-03 13:54:44,826 django.server INFO     "GET /api/scheduler/techtypeorder?rut_tecnico=127202419 HTTP/1.1" 200 182
2021-05-03 13:54:44,896 django.server INFO     "GET /api/scheduler/techtypeorder?rut_tecnico=165764749 HTTP/1.1" 200 1236
2021-05-03 13:54:44,921 django.server INFO     "GET /api/scheduler/techtypeorder?rut_tecnico=171542510 HTTP/1.1" 200 194
2021-05-03 13:54:44,923 django.server INFO     "GET /api/scheduler/techtypeorder?rut_tecnico=SINRUT4 HTTP/1.1" 200 264
2021-05-03 13:54:44,928 django.server INFO     "GET /api/scheduler/techtypeorder?rut_tecnico=SINRUT6 HTTP/1.1" 200 184
2021-05-03 13:54:44,929 django.server INFO     "GET /api/scheduler/techtypeorder?rut_tecnico=SINRUT5 HTTP/1.1" 200 421
2021-05-03 13:54:44,932 django.server INFO     "GET /api/scheduler/techtypeorder?rut_tecnico=SINRUT7 HTTP/1.1" 200 184
2021-05-03 13:54:44,937 django.server INFO     "GET /api/scheduler/techtypeorder?rut_tecnico=SINRUT8 HTTP/1.1" 200 176
2021-05-03 13:54:44,996 django.server INFO     "GET /api/scheduler/techtypeorder?rut_tecnico=SINRUT9 HTTP/1.1" 200 263
2021-05-03 13:54:45,011 django.server INFO     "GET /api/scheduler/techtypeorder?rut_tecnico=SINRUT10 HTTP/1.1" 200 257
2021-05-03 13:54:45,038 django.server INFO     "GET /api/scheduler/techtypeorder?rut_tecnico=186259505 HTTP/1.1" 200 870
2021-05-03 13:54:45,039 django.server INFO     "GET /api/scheduler/techtypeorder?rut_tecnico=SINRUT11 HTTP/1.1" 200 184
2021-05-03 13:54:45,044 django.server INFO     "GET /api/scheduler/techtypeorder?rut_tecnico=184234017 HTTP/1.1" 200 1048
2021-05-03 13:54:45,050 django.server INFO     "GET /api/scheduler/techtypeorder?rut_tecnico=BUFFER HTTP/1.1" 200 169
2021-05-03 13:54:45,090 django.server INFO     "GET /api/scheduler/techtypeorder?rut_tecnico=151862402 HTTP/1.1" 200 2119
2021-05-03 13:54:45,098 django.server INFO     "GET /api/scheduler/techtypeorder?rut_tecnico=SINRUT12 HTTP/1.1" 200 335
2021-05-03 13:54:45,124 django.server INFO     "GET /api/scheduler/techtypeorder?rut_tecnico=ORDENBASURA HTTP/1.1" 200 2302
2021-05-03 13:54:45,131 django.server INFO     "GET /api/scheduler/techtypeorder?rut_tecnico=1808656358 HTTP/1.1" 200 589
2021-05-03 13:54:45,136 django.server INFO     "GET /api/scheduler/techtypeorder?rut_tecnico=176682299 HTTP/1.1" 200 949
2021-05-03 13:54:54,520 django.server INFO     "POST /api/auth/sign-out HTTP/1.1" 200 25
2021-05-03 13:55:00,384 django.server INFO     "POST /api/auth/login HTTP/1.1" 200 546
2021-05-03 13:55:00,498 django.server INFO     "GET /api/users/current HTTP/1.1" 200 177
2021-05-03 13:55:00,647 django.server INFO     "GET /api/users/current HTTP/1.1" 200 177
2021-05-03 13:55:01,139 django.request WARNING  Not Found: /api/users/22/photo
2021-05-03 13:55:01,140 django.server WARNING  "GET /api/users/22/photo?token=eyJ0eXAiOiJKV1QiLCJhbGciOiJIUzI1NiJ9.eyJ0b2tlbl90eXBlIjoiYWNjZXNzIiwiZXhwIjoxNjU2MDY0NTAwLCJqdGkiOiJmNzI0YTE1MWViOTM0ZjBiYjhlODVmNWU4MGJiMDJkMiIsInVzZXJfaWQiOjIyLCJyb2xlIjoidGVsZWZvbmlzdGEifQ.lcb9yVtg_qfC1wSqjHCLpvi6HSmpkee_yodqrJKzsOA HTTP/1.1" 404 77
2021-05-03 13:55:08,321 django.server INFO     "OPTIONS /api/scheduler/cl-orders?created_by=chimuelo@myjchile.cl&date_init=2021-05-03&date_end=2021-05-05 HTTP/1.1" 200 0
2021-05-03 13:55:08,460 django.server INFO     "GET /api/scheduler/cl-orders?created_by=chimuelo@myjchile.cl&date_init=2021-05-03&date_end=2021-05-05 HTTP/1.1" 200 9351
2021-05-03 13:55:12,979 django.server INFO     "GET /api/scheduler/residence?rut=12799496-k HTTP/1.1" 200 154
2021-05-03 13:55:12,991 django.server INFO     "GET /api/scheduler/typeorder HTTP/1.1" 200 2130
2021-05-03 13:55:13,060 django.server INFO     "GET /api/scheduler/clientstatus HTTP/1.1" 200 493
2021-05-03 13:55:13,064 django.server INFO     "GET /api/scheduler/mediodepago HTTP/1.1" 200 59
2021-05-03 13:55:13,070 django.server INFO     "GET /api/scheduler/ticketstatus HTTP/1.1" 200 349
2021-05-03 13:55:13,078 django.server INFO     "GET /api/scheduler/prioridad HTTP/1.1" 200 351
2021-05-03 13:55:13,091 django.server INFO     "GET /api/scheduler/technician HTTP/1.1" 200 24110
2021-05-03 13:55:14,567 django.server INFO     "OPTIONS /api/scheduler/order?date_init=2021-05-03&date_end=2021-05-03 HTTP/1.1" 200 0
2021-05-03 13:55:15,229 django.server INFO     "OPTIONS /api/scheduler/residence?rut=17340708-4 HTTP/1.1" 200 0
2021-05-03 13:55:15,237 django.server INFO     "GET /api/scheduler/ticketstatus HTTP/1.1" 200 349
2021-05-03 13:55:15,245 django.server INFO     "GET /api/scheduler/clientstatus HTTP/1.1" 200 493
2021-05-03 13:55:15,263 django.server INFO     "GET /api/scheduler/typeorder HTTP/1.1" 200 2130
2021-05-03 13:55:15,315 django.server INFO     "GET /api/scheduler/mediodepago HTTP/1.1" 200 59
2021-05-03 13:55:15,338 django.server INFO     "GET /api/scheduler/prioridad HTTP/1.1" 200 351
2021-05-03 13:55:15,362 django.server INFO     "GET /api/scheduler/residence?rut=17340708-4 HTTP/1.1" 200 476
2021-05-03 13:55:15,429 django.server INFO     "GET /api/scheduler/technician HTTP/1.1" 200 24110
2021-05-03 13:55:15,443 django.server INFO     "GET /api/scheduler/order?date_init=2021-05-03&date_end=2021-05-03 HTTP/1.1" 200 213061
2021-05-03 13:55:17,093 django.server INFO     "GET /api/scheduler/ticketstatus HTTP/1.1" 200 349
2021-05-03 13:55:17,103 django.server INFO     "GET /api/scheduler/residence?rut=12799496-k HTTP/1.1" 200 154
2021-05-03 13:55:17,106 django.server INFO     "GET /api/scheduler/clientstatus HTTP/1.1" 200 493
2021-05-03 13:55:17,122 django.server INFO     "GET /api/scheduler/typeorder HTTP/1.1" 200 2130
2021-05-03 13:55:17,166 django.server INFO     "GET /api/scheduler/mediodepago HTTP/1.1" 200 59
2021-05-03 13:55:17,180 django.server INFO     "GET /api/scheduler/prioridad HTTP/1.1" 200 351
2021-05-03 13:55:17,281 django.server INFO     "GET /api/scheduler/order?date_init=2021-05-05&date_end=2021-05-05 HTTP/1.1" 200 123226
2021-05-03 13:55:17,287 django.server INFO     "GET /api/scheduler/technician HTTP/1.1" 200 24110
2021-05-03 13:55:19,217 django.server INFO     "GET /api/scheduler/order?date_init=2021-05-03&date_end=2021-05-03 HTTP/1.1" 200 213061
2021-05-03 13:55:22,820 django.server INFO     "OPTIONS /api/scheduler/seguimientos?order_id=45728 HTTP/1.1" 200 0
2021-05-03 13:55:22,974 django.server INFO     "GET /api/scheduler/seguimientos?order_id=45728 HTTP/1.1" 200 859
2021-05-03 13:55:35,038 django.server INFO     "OPTIONS /api/scheduler/residence?rut=15237683-9 HTTP/1.1" 200 0
2021-05-03 13:55:35,073 django.server INFO     "GET /api/scheduler/typeorder HTTP/1.1" 200 2130
2021-05-03 13:55:35,131 django.server INFO     "GET /api/scheduler/mediodepago HTTP/1.1" 200 59
2021-05-03 13:55:35,144 django.server INFO     "GET /api/scheduler/clientstatus HTTP/1.1" 200 493
2021-05-03 13:55:35,145 django.server INFO     "GET /api/scheduler/ticketstatus HTTP/1.1" 200 349
2021-05-03 13:55:35,155 django.server INFO     "GET /api/scheduler/prioridad HTTP/1.1" 200 351
2021-05-03 13:55:35,172 django.server INFO     "GET /api/scheduler/technician HTTP/1.1" 200 24110
2021-05-03 13:55:35,190 django.server INFO     "GET /api/scheduler/residence?rut=15237683-9 HTTP/1.1" 200 143
2021-05-03 13:55:37,027 django.server INFO     "GET /api/scheduler/clientstatus HTTP/1.1" 200 493
2021-05-03 13:55:37,029 django.server INFO     "GET /api/scheduler/residence?rut=15415952-5 HTTP/1.1" 200 282
2021-05-03 13:55:37,032 django.server INFO     "GET /api/scheduler/ticketstatus HTTP/1.1" 200 349
2021-05-03 13:55:37,041 django.server INFO     "GET /api/scheduler/typeorder HTTP/1.1" 200 2130
2021-05-03 13:55:37,108 django.server INFO     "GET /api/scheduler/order?date_init=2021-05-06&date_end=2021-05-06 HTTP/1.1" 200 101701
2021-05-03 13:55:37,114 django.server INFO     "GET /api/scheduler/mediodepago HTTP/1.1" 200 59
2021-05-03 13:55:37,170 django.server INFO     "GET /api/scheduler/prioridad HTTP/1.1" 200 351
2021-05-03 13:55:37,174 django.server INFO     "GET /api/scheduler/technician HTTP/1.1" 200 24110
2021-05-03 13:55:38,511 django.server INFO     "OPTIONS /api/scheduler/order?date_init=2021-05-04&date_end=2021-05-04 HTTP/1.1" 200 0
2021-05-03 13:55:39,186 django.server INFO     "GET /api/scheduler/order?date_init=2021-05-04&date_end=2021-05-04 HTTP/1.1" 200 205897
2021-05-03 13:55:49,451 django.server INFO     "OPTIONS /api/scheduler/cl-orders?created_by=chimuelo@myjchile.cl&date_init=2021-04-01&date_end=2021-05-01 HTTP/1.1" 200 0
2021-05-03 13:55:50,763 django.server INFO     "GET /api/scheduler/cl-orders?created_by=chimuelo@myjchile.cl&date_init=2021-04-01&date_end=2021-05-01 HTTP/1.1" 200 425636
2021-05-03 13:56:05,568 django.server INFO     "OPTIONS /api/scheduler/residence?rut=16856297-7 HTTP/1.1" 200 0
2021-05-03 13:56:05,603 django.server INFO     "GET /api/scheduler/typeorder HTTP/1.1" 200 2130
2021-05-03 13:56:05,667 django.server INFO     "GET /api/scheduler/ticketstatus HTTP/1.1" 200 349
2021-05-03 13:56:05,671 django.server INFO     "GET /api/scheduler/clientstatus HTTP/1.1" 200 493
2021-05-03 13:56:05,674 django.server INFO     "GET /api/scheduler/mediodepago HTTP/1.1" 200 59
2021-05-03 13:56:05,679 django.server INFO     "GET /api/scheduler/prioridad HTTP/1.1" 200 351
2021-05-03 13:56:05,711 django.server INFO     "GET /api/scheduler/residence?rut=16856297-7 HTTP/1.1" 200 125
2021-05-03 13:56:05,723 django.server INFO     "GET /api/scheduler/technician HTTP/1.1" 200 24110
2021-05-03 13:56:07,574 django.server INFO     "GET /api/scheduler/order?date_init=2021-05-05&date_end=2021-05-05 HTTP/1.1" 200 123226
2021-05-03 13:56:20,302 django.server INFO     "GET /api/scheduler/cl-orders?rut_cliente=19571602-1 HTTP/1.1" 200 8905
2021-05-03 13:59:14,521 django.server INFO     "GET /api/users/current HTTP/1.1" 200 177
2021-05-03 13:59:14,610 django.server INFO     "GET /api/users/current HTTP/1.1" 200 177
2021-05-03 13:59:17,926 django.request WARNING  Not Found: /api/users/22/photo
2021-05-03 13:59:17,927 django.server WARNING  "GET /api/users/22/photo?token=eyJ0eXAiOiJKV1QiLCJhbGciOiJIUzI1NiJ9.eyJ0b2tlbl90eXBlIjoiYWNjZXNzIiwiZXhwIjoxNjU2MDY0NTAwLCJqdGkiOiJmNzI0YTE1MWViOTM0ZjBiYjhlODVmNWU4MGJiMDJkMiIsInVzZXJfaWQiOjIyLCJyb2xlIjoidGVsZWZvbmlzdGEifQ.lcb9yVtg_qfC1wSqjHCLpvi6HSmpkee_yodqrJKzsOA HTTP/1.1" 404 77
2021-05-03 13:59:23,091 django.server INFO     "GET /api/scheduler/cl-orders?rut_cliente=19571602-1 HTTP/1.1" 200 8905
2021-05-03 13:59:37,564 django.server INFO     "OPTIONS /api/scheduler/cl-orders?domicilio=santa&date_init=2021-05-03&date_end=2021-05-06 HTTP/1.1" 200 0
2021-05-03 13:59:37,822 django.server INFO     "GET /api/scheduler/cl-orders?domicilio=santa&date_init=2021-05-03&date_end=2021-05-06 HTTP/1.1" 200 55576
2021-05-03 13:59:56,620 django.server INFO     "OPTIONS /api/scheduler/cl-orders?created_by=chimuelo@myjchile.cl&date_init=2021-04-26&date_end=2021-04-30 HTTP/1.1" 200 0
2021-05-03 13:59:56,938 django.server INFO     "GET /api/scheduler/cl-orders?created_by=chimuelo@myjchile.cl&date_init=2021-04-26&date_end=2021-04-30 HTTP/1.1" 200 62785
2021-05-03 14:00:03,319 django.server INFO     "POST /api/auth/sign-out HTTP/1.1" 200 25
